d:\stuff\study\master 1\openglintro\basics\opengl\bin\intermidiates\win32debug\vc142.pdb
d:\stuff\study\master 1\openglintro\basics\opengl\bin\intermidiates\win32debug\vc142.idb
d:\stuff\study\master 1\openglintro\basics\opengl\bin\intermidiates\win32debug\application.obj
d:\stuff\study\master 1\openglintro\basics\opengl\bin\win32debug\opengl.pdb
d:\stuff\study\master 1\openglintro\basics\opengl\bin\intermidiates\win32debug\opengl.tlog\cl.command.1.tlog
d:\stuff\study\master 1\openglintro\basics\opengl\bin\intermidiates\win32debug\opengl.tlog\cl.read.1.tlog
d:\stuff\study\master 1\openglintro\basics\opengl\bin\intermidiates\win32debug\opengl.tlog\cl.write.1.tlog
d:\stuff\study\master 1\openglintro\basics\opengl\bin\intermidiates\win32debug\opengl.tlog\link-cvtres.read.1.tlog
d:\stuff\study\master 1\openglintro\basics\opengl\bin\intermidiates\win32debug\opengl.tlog\link-cvtres.write.1.tlog
d:\stuff\study\master 1\openglintro\basics\opengl\bin\intermidiates\win32debug\opengl.tlog\link-rc.read.1.tlog
d:\stuff\study\master 1\openglintro\basics\opengl\bin\intermidiates\win32debug\opengl.tlog\link-rc.write.1.tlog
d:\stuff\study\master 1\openglintro\basics\opengl\bin\intermidiates\win32debug\opengl.tlog\link.17772-cvtres.read.1.tlog
d:\stuff\study\master 1\openglintro\basics\opengl\bin\intermidiates\win32debug\opengl.tlog\link.17772-cvtres.write.1.tlog
d:\stuff\study\master 1\openglintro\basics\opengl\bin\intermidiates\win32debug\opengl.tlog\link.17772-rc.read.1.tlog
d:\stuff\study\master 1\openglintro\basics\opengl\bin\intermidiates\win32debug\opengl.tlog\link.17772-rc.write.1.tlog
d:\stuff\study\master 1\openglintro\basics\opengl\bin\intermidiates\win32debug\opengl.tlog\link.17772.read.1.tlog
d:\stuff\study\master 1\openglintro\basics\opengl\bin\intermidiates\win32debug\opengl.tlog\link.17772.write.1.tlog
d:\stuff\study\master 1\openglintro\basics\opengl\bin\intermidiates\win32debug\opengl.tlog\link.command.1.tlog
d:\stuff\study\master 1\openglintro\basics\opengl\bin\intermidiates\win32debug\opengl.tlog\link.read.1.tlog
d:\stuff\study\master 1\openglintro\basics\opengl\bin\intermidiates\win32debug\opengl.tlog\link.write.1.tlog
